2021-10-21 21:10:17.641  INFO 6865 --- [main] com.yw.ppp.uc.UcApplication              : Starting UcApplication using Java 11.0.12 on zhangyaowendeMacBook-Pro.local with PID 6865 (/Users/zhangyaowen/IdeaProjects/ppp/componet/p3-uc/p3-uc-server/target/classes started by zhangyaowen in /Users/zhangyaowen/IdeaProjects/ppp)
2021-10-21 21:10:17.652  INFO 6865 --- [main] com.yw.ppp.uc.UcApplication              : No active profile set, falling back to default profiles: default
2021-10-21 21:10:18.784  INFO 6865 --- [main] .s.d.r.c.RepositoryConfigurationDelegate : Multiple Spring Data modules found, entering strict repository configuration mode!
2021-10-21 21:10:18.787  INFO 6865 --- [main] .s.d.r.c.RepositoryConfigurationDelegate : Bootstrapping Spring Data Redis repositories in DEFAULT mode.
2021-10-21 21:10:18.821  INFO 6865 --- [main] .s.d.r.c.RepositoryConfigurationDelegate : Finished Spring Data repository scanning in 11 ms. Found 0 Redis repository interfaces.
2021-10-21 21:10:19.463  INFO 6865 --- [main] o.s.b.w.embedded.tomcat.TomcatWebServer  : Tomcat initialized with port(s): 8081 (http)
2021-10-21 21:10:19.475  INFO 6865 --- [main] o.apache.catalina.core.StandardService   : Starting service [Tomcat]
2021-10-21 21:10:19.476  INFO 6865 --- [main] org.apache.catalina.core.StandardEngine  : Starting Servlet engine: [Apache Tomcat/9.0.53]
2021-10-21 21:10:19.543  INFO 6865 --- [main] o.a.c.c.C.[Tomcat].[localhost].[/]       : Initializing Spring embedded WebApplicationContext
2021-10-21 21:10:19.543  INFO 6865 --- [main] w.s.c.ServletWebServerApplicationContext : Root WebApplicationContext: initialization completed in 1819 ms
2021-10-21 21:10:19.702  INFO 6865 --- [main] c.a.d.s.b.a.DruidDataSourceAutoConfigure : Init DruidDataSource
2021-10-21 21:10:20.607  INFO 6865 --- [main] com.alibaba.druid.pool.DruidDataSource   : {dataSource-1} inited
2021-10-21 21:10:22.238  INFO 6865 --- [main] o.s.b.w.embedded.tomcat.TomcatWebServer  : Tomcat started on port(s): 8081 (http) with context path ''
2021-10-21 21:10:22.400  INFO 6865 --- [main] com.yw.ppp.uc.UcApplication              : Started UcApplication in 5.331 seconds (JVM running for 6.103)
2021-10-21 21:10:39.485  INFO 6865 --- [http-nio-8081-exec-1] o.a.c.c.C.[Tomcat].[localhost].[/]       : Initializing Spring DispatcherServlet 'dispatcherServlet'
2021-10-21 21:10:39.486  INFO 6865 --- [http-nio-8081-exec-1] o.s.web.servlet.DispatcherServlet        : Initializing Servlet 'dispatcherServlet'
2021-10-21 21:10:39.487  INFO 6865 --- [http-nio-8081-exec-1] o.s.web.servlet.DispatcherServlet        : Completed initialization in 1 ms
2021-10-21 21:12:07.677  INFO 6865 --- [SpringApplicationShutdownHook] com.alibaba.druid.pool.DruidDataSource   : {dataSource-1} closing ...
2021-10-21 21:12:07.688  INFO 6865 --- [SpringApplicationShutdownHook] com.alibaba.druid.pool.DruidDataSource   : {dataSource-1} closed
2021-10-21 21:12:12.346  INFO 6890 --- [main] com.yw.ppp.uc.UcApplication              : Starting UcApplication using Java 11.0.12 on zhangyaowendeMacBook-Pro.local with PID 6890 (/Users/zhangyaowen/IdeaProjects/ppp/componet/p3-uc/p3-uc-server/target/classes started by zhangyaowen in /Users/zhangyaowen/IdeaProjects/ppp)
2021-10-21 21:12:12.349  INFO 6890 --- [main] com.yw.ppp.uc.UcApplication              : No active profile set, falling back to default profiles: default
2021-10-21 21:12:13.233  INFO 6890 --- [main] .s.d.r.c.RepositoryConfigurationDelegate : Multiple Spring Data modules found, entering strict repository configuration mode!
2021-10-21 21:12:13.236  INFO 6890 --- [main] .s.d.r.c.RepositoryConfigurationDelegate : Bootstrapping Spring Data Redis repositories in DEFAULT mode.
2021-10-21 21:12:13.258  INFO 6890 --- [main] .s.d.r.c.RepositoryConfigurationDelegate : Finished Spring Data repository scanning in 9 ms. Found 0 Redis repository interfaces.
2021-10-21 21:12:13.790  INFO 6890 --- [main] o.s.b.w.embedded.tomcat.TomcatWebServer  : Tomcat initialized with port(s): 8081 (http)
2021-10-21 21:12:13.798  INFO 6890 --- [main] o.apache.catalina.core.StandardService   : Starting service [Tomcat]
2021-10-21 21:12:13.799  INFO 6890 --- [main] org.apache.catalina.core.StandardEngine  : Starting Servlet engine: [Apache Tomcat/9.0.53]
2021-10-21 21:12:13.858  INFO 6890 --- [main] o.a.c.c.C.[Tomcat].[localhost].[/]       : Initializing Spring embedded WebApplicationContext
2021-10-21 21:12:13.858  INFO 6890 --- [main] w.s.c.ServletWebServerApplicationContext : Root WebApplicationContext: initialization completed in 1472 ms
2021-10-21 21:12:13.988  INFO 6890 --- [main] c.a.d.s.b.a.DruidDataSourceAutoConfigure : Init DruidDataSource
2021-10-21 21:12:14.581  INFO 6890 --- [main] com.alibaba.druid.pool.DruidDataSource   : {dataSource-1} inited
2021-10-21 21:12:42.246  INFO 6890 --- [main] o.s.b.w.embedded.tomcat.TomcatWebServer  : Tomcat started on port(s): 8081 (http) with context path ''
2021-10-21 21:12:42.396  INFO 6890 --- [main] com.yw.ppp.uc.UcApplication              : Started UcApplication in 30.67 seconds (JVM running for 32.24)
2021-10-21 21:12:42.559  INFO 6890 --- [SpringApplicationShutdownHook] com.alibaba.druid.pool.DruidDataSource   : {dataSource-1} closing ...
2021-10-21 21:12:42.568  INFO 6890 --- [SpringApplicationShutdownHook] com.alibaba.druid.pool.DruidDataSource   : {dataSource-1} closed
2021-10-21 21:12:45.030  INFO 6894 --- [main] com.yw.ppp.uc.UcApplication              : Starting UcApplication using Java 11.0.12 on zhangyaowendeMacBook-Pro.local with PID 6894 (/Users/zhangyaowen/IdeaProjects/ppp/componet/p3-uc/p3-uc-server/target/classes started by zhangyaowen in /Users/zhangyaowen/IdeaProjects/ppp)
2021-10-21 21:12:45.033  INFO 6894 --- [main] com.yw.ppp.uc.UcApplication              : No active profile set, falling back to default profiles: default
2021-10-21 21:12:45.862  INFO 6894 --- [main] .s.d.r.c.RepositoryConfigurationDelegate : Multiple Spring Data modules found, entering strict repository configuration mode!
2021-10-21 21:12:45.865  INFO 6894 --- [main] .s.d.r.c.RepositoryConfigurationDelegate : Bootstrapping Spring Data Redis repositories in DEFAULT mode.
2021-10-21 21:12:45.888  INFO 6894 --- [main] .s.d.r.c.RepositoryConfigurationDelegate : Finished Spring Data repository scanning in 10 ms. Found 0 Redis repository interfaces.
2021-10-21 21:12:46.375  INFO 6894 --- [main] o.s.b.w.embedded.tomcat.TomcatWebServer  : Tomcat initialized with port(s): 8081 (http)
2021-10-21 21:12:46.383  INFO 6894 --- [main] o.apache.catalina.core.StandardService   : Starting service [Tomcat]
2021-10-21 21:12:46.383  INFO 6894 --- [main] org.apache.catalina.core.StandardEngine  : Starting Servlet engine: [Apache Tomcat/9.0.53]
2021-10-21 21:12:46.444  INFO 6894 --- [main] o.a.c.c.C.[Tomcat].[localhost].[/]       : Initializing Spring embedded WebApplicationContext
2021-10-21 21:12:46.445  INFO 6894 --- [main] w.s.c.ServletWebServerApplicationContext : Root WebApplicationContext: initialization completed in 1364 ms
2021-10-21 21:12:46.569  INFO 6894 --- [main] c.a.d.s.b.a.DruidDataSourceAutoConfigure : Init DruidDataSource
2021-10-21 21:12:47.225  INFO 6894 --- [main] com.alibaba.druid.pool.DruidDataSource   : {dataSource-1} inited
2021-10-21 21:12:53.688  INFO 6894 --- [main] o.s.b.w.embedded.tomcat.TomcatWebServer  : Tomcat started on port(s): 8081 (http) with context path ''
2021-10-21 21:12:53.848  INFO 6894 --- [main] com.yw.ppp.uc.UcApplication              : Started UcApplication in 9.431 seconds (JVM running for 10.43)
2021-10-21 21:13:13.420  INFO 6894 --- [http-nio-8081-exec-1] o.a.c.c.C.[Tomcat].[localhost].[/]       : Initializing Spring DispatcherServlet 'dispatcherServlet'
2021-10-21 21:13:13.421  INFO 6894 --- [http-nio-8081-exec-1] o.s.web.servlet.DispatcherServlet        : Initializing Servlet 'dispatcherServlet'
2021-10-21 21:13:13.423  INFO 6894 --- [http-nio-8081-exec-1] o.s.web.servlet.DispatcherServlet        : Completed initialization in 2 ms
2021-10-21 21:13:28.367  INFO 6894 --- [SpringApplicationShutdownHook] com.alibaba.druid.pool.DruidDataSource   : {dataSource-1} closing ...
2021-10-21 21:13:28.375  INFO 6894 --- [SpringApplicationShutdownHook] com.alibaba.druid.pool.DruidDataSource   : {dataSource-1} closed
2021-10-21 21:13:33.413  INFO 6902 --- [main] com.yw.ppp.uc.UcApplication              : Starting UcApplication using Java 11.0.12 on zhangyaowendeMacBook-Pro.local with PID 6902 (/Users/zhangyaowen/IdeaProjects/ppp/componet/p3-uc/p3-uc-server/target/classes started by zhangyaowen in /Users/zhangyaowen/IdeaProjects/ppp)
2021-10-21 21:13:33.416  INFO 6902 --- [main] com.yw.ppp.uc.UcApplication              : No active profile set, falling back to default profiles: default
2021-10-21 21:13:34.218  INFO 6902 --- [main] .s.d.r.c.RepositoryConfigurationDelegate : Multiple Spring Data modules found, entering strict repository configuration mode!
2021-10-21 21:13:34.220  INFO 6902 --- [main] .s.d.r.c.RepositoryConfigurationDelegate : Bootstrapping Spring Data Redis repositories in DEFAULT mode.
2021-10-21 21:13:34.241  INFO 6902 --- [main] .s.d.r.c.RepositoryConfigurationDelegate : Finished Spring Data repository scanning in 8 ms. Found 0 Redis repository interfaces.
2021-10-21 21:13:34.744  INFO 6902 --- [main] o.s.b.w.embedded.tomcat.TomcatWebServer  : Tomcat initialized with port(s): 8081 (http)
2021-10-21 21:13:34.753  INFO 6902 --- [main] o.apache.catalina.core.StandardService   : Starting service [Tomcat]
2021-10-21 21:13:34.753  INFO 6902 --- [main] org.apache.catalina.core.StandardEngine  : Starting Servlet engine: [Apache Tomcat/9.0.53]
2021-10-21 21:13:34.817  INFO 6902 --- [main] o.a.c.c.C.[Tomcat].[localhost].[/]       : Initializing Spring embedded WebApplicationContext
2021-10-21 21:13:34.817  INFO 6902 --- [main] w.s.c.ServletWebServerApplicationContext : Root WebApplicationContext: initialization completed in 1351 ms
2021-10-21 21:13:34.937  INFO 6902 --- [main] c.a.d.s.b.a.DruidDataSourceAutoConfigure : Init DruidDataSource
2021-10-21 21:13:35.546  INFO 6902 --- [main] com.alibaba.druid.pool.DruidDataSource   : {dataSource-1} inited
2021-10-21 21:13:36.617  INFO 6902 --- [main] o.s.b.w.embedded.tomcat.TomcatWebServer  : Tomcat started on port(s): 8081 (http) with context path ''
2021-10-21 21:13:36.759  INFO 6902 --- [main] com.yw.ppp.uc.UcApplication              : Started UcApplication in 3.874 seconds (JVM running for 4.687)
2021-10-21 21:13:51.506  INFO 6902 --- [http-nio-8081-exec-1] o.a.c.c.C.[Tomcat].[localhost].[/]       : Initializing Spring DispatcherServlet 'dispatcherServlet'
2021-10-21 21:13:51.507  INFO 6902 --- [http-nio-8081-exec-1] o.s.web.servlet.DispatcherServlet        : Initializing Servlet 'dispatcherServlet'
2021-10-21 21:13:51.508  INFO 6902 --- [http-nio-8081-exec-1] o.s.web.servlet.DispatcherServlet        : Completed initialization in 1 ms
2021-10-21 21:22:33.115  INFO 6902 --- [SpringApplicationShutdownHook] com.alibaba.druid.pool.DruidDataSource   : {dataSource-1} closing ...
2021-10-21 21:22:33.127  INFO 6902 --- [SpringApplicationShutdownHook] com.alibaba.druid.pool.DruidDataSource   : {dataSource-1} closed
2021-10-21 21:36:39.745  INFO 7104 --- [main] com.yw.ppp.uc.UcApplication              : Starting UcApplication using Java 11.0.12 on zhangyaowendeMacBook-Pro.local with PID 7104 (/Users/zhangyaowen/IdeaProjects/ppp/componet/p3-uc/p3-uc-server/target/classes started by zhangyaowen in /Users/zhangyaowen/IdeaProjects/ppp)
2021-10-21 21:36:39.756  INFO 7104 --- [main] com.yw.ppp.uc.UcApplication              : No active profile set, falling back to default profiles: default
2021-10-21 21:36:40.648  INFO 7104 --- [main] .s.d.r.c.RepositoryConfigurationDelegate : Multiple Spring Data modules found, entering strict repository configuration mode!
2021-10-21 21:36:40.650  INFO 7104 --- [main] .s.d.r.c.RepositoryConfigurationDelegate : Bootstrapping Spring Data Redis repositories in DEFAULT mode.
2021-10-21 21:36:40.672  INFO 7104 --- [main] .s.d.r.c.RepositoryConfigurationDelegate : Finished Spring Data repository scanning in 10 ms. Found 0 Redis repository interfaces.
2021-10-21 21:36:41.186  INFO 7104 --- [main] o.s.b.w.embedded.tomcat.TomcatWebServer  : Tomcat initialized with port(s): 8081 (http)
2021-10-21 21:36:41.195  INFO 7104 --- [main] o.apache.catalina.core.StandardService   : Starting service [Tomcat]
2021-10-21 21:36:41.196  INFO 7104 --- [main] org.apache.catalina.core.StandardEngine  : Starting Servlet engine: [Apache Tomcat/9.0.53]
2021-10-21 21:36:41.266  INFO 7104 --- [main] o.a.c.c.C.[Tomcat].[localhost].[/]       : Initializing Spring embedded WebApplicationContext
2021-10-21 21:36:41.266  INFO 7104 --- [main] w.s.c.ServletWebServerApplicationContext : Root WebApplicationContext: initialization completed in 1449 ms
2021-10-21 21:36:41.402  INFO 7104 --- [main] c.a.d.s.b.a.DruidDataSourceAutoConfigure : Init DruidDataSource
2021-10-21 21:36:42.041  INFO 7104 --- [main] com.alibaba.druid.pool.DruidDataSource   : {dataSource-1} inited
2021-10-21 21:36:43.204  INFO 7104 --- [main] o.s.b.w.embedded.tomcat.TomcatWebServer  : Tomcat started on port(s): 8081 (http) with context path ''
2021-10-21 21:36:43.417  INFO 7104 --- [main] com.yw.ppp.uc.UcApplication              : Started UcApplication in 4.228 seconds (JVM running for 5.833)
2021-10-21 21:37:14.827  INFO 7104 --- [http-nio-8081-exec-1] o.a.c.c.C.[Tomcat].[localhost].[/]       : Initializing Spring DispatcherServlet 'dispatcherServlet'
2021-10-21 21:37:14.828  INFO 7104 --- [http-nio-8081-exec-1] o.s.web.servlet.DispatcherServlet        : Initializing Servlet 'dispatcherServlet'
2021-10-21 21:37:14.829  INFO 7104 --- [http-nio-8081-exec-1] o.s.web.servlet.DispatcherServlet        : Completed initialization in 1 ms
2021-10-21 21:38:30.058  INFO 7104 --- [SpringApplicationShutdownHook] com.alibaba.druid.pool.DruidDataSource   : {dataSource-1} closing ...
2021-10-21 21:38:30.068  INFO 7104 --- [SpringApplicationShutdownHook] com.alibaba.druid.pool.DruidDataSource   : {dataSource-1} closed
2021-10-21 21:39:56.441  INFO 7137 --- [main] com.yw.ppp.uc.UcApplication              : Starting UcApplication using Java 11.0.12 on zhangyaowendeMacBook-Pro.local with PID 7137 (/Users/zhangyaowen/IdeaProjects/ppp/componet/p3-uc/p3-uc-server/target/classes started by zhangyaowen in /Users/zhangyaowen/IdeaProjects/ppp)
2021-10-21 21:39:56.444  INFO 7137 --- [main] com.yw.ppp.uc.UcApplication              : No active profile set, falling back to default profiles: default
2021-10-21 21:39:57.323  INFO 7137 --- [main] .s.d.r.c.RepositoryConfigurationDelegate : Multiple Spring Data modules found, entering strict repository configuration mode!
2021-10-21 21:39:57.325  INFO 7137 --- [main] .s.d.r.c.RepositoryConfigurationDelegate : Bootstrapping Spring Data Redis repositories in DEFAULT mode.
2021-10-21 21:39:57.345  INFO 7137 --- [main] .s.d.r.c.RepositoryConfigurationDelegate : Finished Spring Data repository scanning in 7 ms. Found 0 Redis repository interfaces.
2021-10-21 21:39:57.834  INFO 7137 --- [main] o.s.b.w.embedded.tomcat.TomcatWebServer  : Tomcat initialized with port(s): 8081 (http)
2021-10-21 21:39:57.843  INFO 7137 --- [main] o.apache.catalina.core.StandardService   : Starting service [Tomcat]
2021-10-21 21:39:57.843  INFO 7137 --- [main] org.apache.catalina.core.StandardEngine  : Starting Servlet engine: [Apache Tomcat/9.0.53]
2021-10-21 21:39:57.901  INFO 7137 --- [main] o.a.c.c.C.[Tomcat].[localhost].[/]       : Initializing Spring embedded WebApplicationContext
2021-10-21 21:39:57.901  INFO 7137 --- [main] w.s.c.ServletWebServerApplicationContext : Root WebApplicationContext: initialization completed in 1413 ms
2021-10-21 21:39:58.019  INFO 7137 --- [main] c.a.d.s.b.a.DruidDataSourceAutoConfigure : Init DruidDataSource
2021-10-21 21:39:58.575  INFO 7137 --- [main] com.alibaba.druid.pool.DruidDataSource   : {dataSource-1} inited
2021-10-21 21:39:59.691  INFO 7137 --- [main] o.s.b.w.embedded.tomcat.TomcatWebServer  : Tomcat started on port(s): 8081 (http) with context path ''
2021-10-21 21:39:59.846  INFO 7137 --- [main] com.yw.ppp.uc.UcApplication              : Started UcApplication in 3.803 seconds (JVM running for 4.522)
2021-10-21 21:40:03.856  INFO 7137 --- [http-nio-8081-exec-1] o.a.c.c.C.[Tomcat].[localhost].[/]       : Initializing Spring DispatcherServlet 'dispatcherServlet'
2021-10-21 21:40:03.857  INFO 7137 --- [http-nio-8081-exec-1] o.s.web.servlet.DispatcherServlet        : Initializing Servlet 'dispatcherServlet'
2021-10-21 21:40:03.858  INFO 7137 --- [http-nio-8081-exec-1] o.s.web.servlet.DispatcherServlet        : Completed initialization in 1 ms
2021-10-21 21:40:48.258  INFO 7137 --- [SpringApplicationShutdownHook] com.alibaba.druid.pool.DruidDataSource   : {dataSource-1} closing ...
2021-10-21 21:40:48.271  INFO 7137 --- [SpringApplicationShutdownHook] com.alibaba.druid.pool.DruidDataSource   : {dataSource-1} closed
2021-10-21 21:50:16.622  INFO 7233 --- [main] com.yw.ppp.uc.UcApplication              : Starting UcApplication using Java 11.0.12 on zhangyaowendeMacBook-Pro.local with PID 7233 (/Users/zhangyaowen/IdeaProjects/ppp/componet/p3-uc/p3-uc-server/target/classes started by zhangyaowen in /Users/zhangyaowen/IdeaProjects/ppp)
2021-10-21 21:50:16.625  INFO 7233 --- [main] com.yw.ppp.uc.UcApplication              : No active profile set, falling back to default profiles: default
2021-10-21 21:50:17.509  INFO 7233 --- [main] .s.d.r.c.RepositoryConfigurationDelegate : Multiple Spring Data modules found, entering strict repository configuration mode!
2021-10-21 21:50:17.511  INFO 7233 --- [main] .s.d.r.c.RepositoryConfigurationDelegate : Bootstrapping Spring Data Redis repositories in DEFAULT mode.
2021-10-21 21:50:17.533  INFO 7233 --- [main] .s.d.r.c.RepositoryConfigurationDelegate : Finished Spring Data repository scanning in 9 ms. Found 0 Redis repository interfaces.
2021-10-21 21:50:18.092  INFO 7233 --- [main] o.s.b.w.embedded.tomcat.TomcatWebServer  : Tomcat initialized with port(s): 8081 (http)
2021-10-21 21:50:18.102  INFO 7233 --- [main] o.apache.catalina.core.StandardService   : Starting service [Tomcat]
2021-10-21 21:50:18.102  INFO 7233 --- [main] org.apache.catalina.core.StandardEngine  : Starting Servlet engine: [Apache Tomcat/9.0.53]
2021-10-21 21:50:18.172  INFO 7233 --- [main] o.a.c.c.C.[Tomcat].[localhost].[/]       : Initializing Spring embedded WebApplicationContext
2021-10-21 21:50:18.173  INFO 7233 --- [main] w.s.c.ServletWebServerApplicationContext : Root WebApplicationContext: initialization completed in 1498 ms
2021-10-21 21:50:18.300  INFO 7233 --- [main] c.a.d.s.b.a.DruidDataSourceAutoConfigure : Init DruidDataSource
2021-10-21 21:50:18.978  INFO 7233 --- [main] com.alibaba.druid.pool.DruidDataSource   : {dataSource-1} inited
2021-10-21 21:50:20.150  INFO 7233 --- [main] o.s.b.w.embedded.tomcat.TomcatWebServer  : Tomcat started on port(s): 8081 (http) with context path ''
2021-10-21 21:50:20.334  INFO 7233 --- [main] com.yw.ppp.uc.UcApplication              : Started UcApplication in 4.419 seconds (JVM running for 5.372)
2021-10-21 21:50:26.279  INFO 7233 --- [http-nio-8081-exec-1] o.a.c.c.C.[Tomcat].[localhost].[/]       : Initializing Spring DispatcherServlet 'dispatcherServlet'
2021-10-21 21:50:26.280  INFO 7233 --- [http-nio-8081-exec-1] o.s.web.servlet.DispatcherServlet        : Initializing Servlet 'dispatcherServlet'
2021-10-21 21:50:26.282  INFO 7233 --- [http-nio-8081-exec-1] o.s.web.servlet.DispatcherServlet        : Completed initialization in 2 ms
2021-10-21 21:51:03.950  INFO 7233 --- [SpringApplicationShutdownHook] com.alibaba.druid.pool.DruidDataSource   : {dataSource-1} closing ...
2021-10-21 21:51:03.961  INFO 7233 --- [SpringApplicationShutdownHook] com.alibaba.druid.pool.DruidDataSource   : {dataSource-1} closed
