2021-10-19 22:34:59.639  INFO 3084 --- [main] com.yw.ppp.uc.service.UserServiceTest    : Starting UserServiceTest using Java 11 on PC201807032025 with PID 3084 (started by Administrator in E:\java\githubwork\ppp\componet\p3-uc\p3-uc-server)
2021-10-19 22:34:59.639  INFO 3084 --- [main] com.yw.ppp.uc.service.UserServiceTest    : No active profile set, falling back to default profiles: default
2021-10-19 22:35:02.923  INFO 3084 --- [main] .s.d.r.c.RepositoryConfigurationDelegate : Multiple Spring Data modules found, entering strict repository configuration mode!
2021-10-19 22:35:02.923  INFO 3084 --- [main] .s.d.r.c.RepositoryConfigurationDelegate : Bootstrapping Spring Data Redis repositories in DEFAULT mode.
2021-10-19 22:35:02.957  INFO 3084 --- [main] .s.d.r.c.RepositoryConfigurationDelegate : Finished Spring Data repository scanning in 18 ms. Found 0 Redis repository interfaces.
2021-10-19 22:35:04.332  INFO 3084 --- [main] c.a.d.s.b.a.DruidDataSourceAutoConfigure : Init DruidDataSource
2021-10-19 22:35:06.361  INFO 3084 --- [main] com.alibaba.druid.pool.DruidDataSource   : {dataSource-1} inited
2021-10-19 22:35:11.983  INFO 3084 --- [main] com.yw.ppp.uc.service.UserServiceTest    : Started UserServiceTest in 14.566 seconds (JVM running for 18.772)
2021-10-19 22:35:12.847  INFO 3084 --- [SpringApplicationShutdownHook] com.alibaba.druid.pool.DruidDataSource   : {dataSource-1} closing ...
2021-10-19 22:35:12.862  INFO 3084 --- [SpringApplicationShutdownHook] com.alibaba.druid.pool.DruidDataSource   : {dataSource-1} closed
2021-10-19 22:37:59.050  INFO 7980 --- [main] com.yw.ppp.uc.service.UserServiceTest    : Starting UserServiceTest using Java 11 on PC201807032025 with PID 7980 (started by Administrator in E:\java\githubwork\ppp\componet\p3-uc\p3-uc-server)
2021-10-19 22:37:59.066  INFO 7980 --- [main] com.yw.ppp.uc.service.UserServiceTest    : No active profile set, falling back to default profiles: default
2021-10-19 22:38:01.002  INFO 7980 --- [main] .s.d.r.c.RepositoryConfigurationDelegate : Multiple Spring Data modules found, entering strict repository configuration mode!
2021-10-19 22:38:01.002  INFO 7980 --- [main] .s.d.r.c.RepositoryConfigurationDelegate : Bootstrapping Spring Data Redis repositories in DEFAULT mode.
2021-10-19 22:38:01.033  INFO 7980 --- [main] .s.d.r.c.RepositoryConfigurationDelegate : Finished Spring Data repository scanning in 16 ms. Found 0 Redis repository interfaces.
2021-10-19 22:38:02.408  INFO 7980 --- [main] c.a.d.s.b.a.DruidDataSourceAutoConfigure : Init DruidDataSource
2021-10-19 22:38:03.454  INFO 7980 --- [main] com.alibaba.druid.pool.DruidDataSource   : {dataSource-1} inited
2021-10-19 22:38:07.169  INFO 7980 --- [main] com.yw.ppp.uc.service.UserServiceTest    : Started UserServiceTest in 9.073 seconds (JVM running for 11.371)
2021-10-19 22:38:07.983  INFO 7980 --- [main] c.y.ppp.uc.service.impl.UserServiceImpl  : 用户注册完成
2021-10-19 22:38:08.468  INFO 7980 --- [SpringApplicationShutdownHook] com.alibaba.druid.pool.DruidDataSource   : {dataSource-1} closing ...
2021-10-19 22:38:08.484  INFO 7980 --- [SpringApplicationShutdownHook] com.alibaba.druid.pool.DruidDataSource   : {dataSource-1} closed
2021-10-19 22:39:43.637  INFO 6684 --- [main] com.yw.ppp.uc.service.UserServiceTest    : Starting UserServiceTest using Java 11 on PC201807032025 with PID 6684 (started by Administrator in E:\java\githubwork\ppp\componet\p3-uc\p3-uc-server)
2021-10-19 22:39:43.653  INFO 6684 --- [main] com.yw.ppp.uc.service.UserServiceTest    : No active profile set, falling back to default profiles: default
2021-10-19 22:39:46.268  INFO 6684 --- [main] .s.d.r.c.RepositoryConfigurationDelegate : Multiple Spring Data modules found, entering strict repository configuration mode!
2021-10-19 22:39:46.268  INFO 6684 --- [main] .s.d.r.c.RepositoryConfigurationDelegate : Bootstrapping Spring Data Redis repositories in DEFAULT mode.
2021-10-19 22:39:46.315  INFO 6684 --- [main] .s.d.r.c.RepositoryConfigurationDelegate : Finished Spring Data repository scanning in 18 ms. Found 0 Redis repository interfaces.
2021-10-19 22:39:48.300  INFO 6684 --- [main] c.a.d.s.b.a.DruidDataSourceAutoConfigure : Init DruidDataSource
2021-10-19 22:39:50.095  INFO 6684 --- [main] com.alibaba.druid.pool.DruidDataSource   : {dataSource-1} inited
2021-10-19 22:39:55.895  INFO 6684 --- [main] com.yw.ppp.uc.service.UserServiceTest    : Started UserServiceTest in 13.267 seconds (JVM running for 19.25)
2021-10-19 22:39:59.788  INFO 6684 --- [main] c.y.ppp.uc.service.impl.UserServiceImpl  : 用户注册完成
2021-10-19 22:40:00.295  INFO 6684 --- [SpringApplicationShutdownHook] com.alibaba.druid.pool.DruidDataSource   : {dataSource-1} closing ...
2021-10-19 22:40:00.373  INFO 6684 --- [SpringApplicationShutdownHook] com.alibaba.druid.pool.DruidDataSource   : {dataSource-1} closed
2021-10-19 22:40:28.350  INFO 8512 --- [main] com.yw.ppp.uc.service.UserServiceTest    : Starting UserServiceTest using Java 11 on PC201807032025 with PID 8512 (started by Administrator in E:\java\githubwork\ppp\componet\p3-uc\p3-uc-server)
2021-10-19 22:40:28.350  INFO 8512 --- [main] com.yw.ppp.uc.service.UserServiceTest    : No active profile set, falling back to default profiles: default
2021-10-19 22:40:30.227  INFO 8512 --- [main] .s.d.r.c.RepositoryConfigurationDelegate : Multiple Spring Data modules found, entering strict repository configuration mode!
2021-10-19 22:40:30.243  INFO 8512 --- [main] .s.d.r.c.RepositoryConfigurationDelegate : Bootstrapping Spring Data Redis repositories in DEFAULT mode.
2021-10-19 22:40:30.274  INFO 8512 --- [main] .s.d.r.c.RepositoryConfigurationDelegate : Finished Spring Data repository scanning in 17 ms. Found 0 Redis repository interfaces.
2021-10-19 22:40:31.512  INFO 8512 --- [main] c.a.d.s.b.a.DruidDataSourceAutoConfigure : Init DruidDataSource
2021-10-19 22:40:32.496  INFO 8512 --- [main] com.alibaba.druid.pool.DruidDataSource   : {dataSource-1} inited
2021-10-19 22:40:36.147  INFO 8512 --- [main] com.yw.ppp.uc.service.UserServiceTest    : Started UserServiceTest in 8.695 seconds (JVM running for 11.159)
2021-10-19 22:40:36.931  INFO 8512 --- [main] c.y.ppp.uc.service.impl.UserServiceImpl  : 用户注册完成
2021-10-19 22:40:37.353  INFO 8512 --- [SpringApplicationShutdownHook] com.alibaba.druid.pool.DruidDataSource   : {dataSource-1} closing ...
2021-10-19 22:40:37.415  INFO 8512 --- [SpringApplicationShutdownHook] com.alibaba.druid.pool.DruidDataSource   : {dataSource-1} closed
2021-10-19 22:43:29.915  INFO 8848 --- [main] com.yw.ppp.uc.service.UserServiceTest    : Starting UserServiceTest using Java 11 on PC201807032025 with PID 8848 (started by Administrator in E:\java\githubwork\ppp\componet\p3-uc\p3-uc-server)
2021-10-19 22:43:29.931  INFO 8848 --- [main] com.yw.ppp.uc.service.UserServiceTest    : No active profile set, falling back to default profiles: default
2021-10-19 22:43:31.975  INFO 8848 --- [main] .s.d.r.c.RepositoryConfigurationDelegate : Multiple Spring Data modules found, entering strict repository configuration mode!
2021-10-19 22:43:31.975  INFO 8848 --- [main] .s.d.r.c.RepositoryConfigurationDelegate : Bootstrapping Spring Data Redis repositories in DEFAULT mode.
2021-10-19 22:43:32.022  INFO 8848 --- [main] .s.d.r.c.RepositoryConfigurationDelegate : Finished Spring Data repository scanning in 18 ms. Found 0 Redis repository interfaces.
2021-10-19 22:43:33.255  INFO 8848 --- [main] c.a.d.s.b.a.DruidDataSourceAutoConfigure : Init DruidDataSource
2021-10-19 22:43:34.223  INFO 8848 --- [main] com.alibaba.druid.pool.DruidDataSource   : {dataSource-1} inited
2021-10-19 22:43:37.823  INFO 8848 --- [main] com.yw.ppp.uc.service.UserServiceTest    : Started UserServiceTest in 8.917 seconds (JVM running for 11.213)
2021-10-19 22:43:38.574  INFO 8848 --- [main] c.y.ppp.uc.service.impl.UserServiceImpl  : 用户注册完成
2021-10-19 22:43:38.778  INFO 8848 --- [SpringApplicationShutdownHook] com.alibaba.druid.pool.DruidDataSource   : {dataSource-1} closing ...
2021-10-19 22:43:38.824  INFO 8848 --- [SpringApplicationShutdownHook] com.alibaba.druid.pool.DruidDataSource   : {dataSource-1} closed
