2021-10-20 00:07:27.507  INFO 5129 --- [main] com.yw.ppp.uc.service.UserServiceTest    : Starting UserServiceTest using Java 11.0.12 on zhangyaowendeMacBook-Pro.local with PID 5129 (started by zhangyaowen in /Users/zhangyaowen/IdeaProjects/ppp/componet/p3-uc/p3-uc-server)
2021-10-20 00:07:27.548  INFO 5129 --- [main] com.yw.ppp.uc.service.UserServiceTest    : No active profile set, falling back to default profiles: default
2021-10-20 00:07:28.755  INFO 5129 --- [main] .s.d.r.c.RepositoryConfigurationDelegate : Multiple Spring Data modules found, entering strict repository configuration mode!
2021-10-20 00:07:28.758  INFO 5129 --- [main] .s.d.r.c.RepositoryConfigurationDelegate : Bootstrapping Spring Data Redis repositories in DEFAULT mode.
2021-10-20 00:07:28.787  INFO 5129 --- [main] .s.d.r.c.RepositoryConfigurationDelegate : Finished Spring Data repository scanning in 13 ms. Found 0 Redis repository interfaces.
2021-10-20 00:07:29.737  INFO 5129 --- [main] c.a.d.s.b.a.DruidDataSourceAutoConfigure : Init DruidDataSource
2021-10-20 00:07:30.698  INFO 5129 --- [main] com.alibaba.druid.pool.DruidDataSource   : {dataSource-1} inited
2021-10-20 00:07:33.257  INFO 5129 --- [main] com.yw.ppp.uc.service.UserServiceTest    : Started UserServiceTest in 6.257 seconds (JVM running for 7.803)
2021-10-20 00:07:33.896 ERROR 5129 --- [main] c.y.ppp.uc.service.impl.UserServiceImpl  : 用户已存在，注册失败,account:lisi
2021-10-20 00:07:34.071  INFO 5129 --- [SpringApplicationShutdownHook] com.alibaba.druid.pool.DruidDataSource   : {dataSource-1} closing ...
2021-10-20 00:07:34.082  INFO 5129 --- [SpringApplicationShutdownHook] com.alibaba.druid.pool.DruidDataSource   : {dataSource-1} closed
2021-10-20 23:20:51.168  INFO 6129 --- [main] com.yw.ppp.uc.service.UserServiceTest    : Starting UserServiceTest using Java 11.0.12 on zhangyaowendeMacBook-Pro.local with PID 6129 (started by zhangyaowen in /Users/zhangyaowen/IdeaProjects/ppp/componet/p3-uc/p3-uc-server)
2021-10-20 23:20:51.171  INFO 6129 --- [main] com.yw.ppp.uc.service.UserServiceTest    : No active profile set, falling back to default profiles: default
2021-10-20 23:20:52.572  INFO 6129 --- [main] .s.d.r.c.RepositoryConfigurationDelegate : Multiple Spring Data modules found, entering strict repository configuration mode!
2021-10-20 23:20:52.577  INFO 6129 --- [main] .s.d.r.c.RepositoryConfigurationDelegate : Bootstrapping Spring Data Redis repositories in DEFAULT mode.
2021-10-20 23:20:52.614  INFO 6129 --- [main] .s.d.r.c.RepositoryConfigurationDelegate : Finished Spring Data repository scanning in 14 ms. Found 0 Redis repository interfaces.
2021-10-20 23:20:53.600  INFO 6129 --- [main] c.a.d.s.b.a.DruidDataSourceAutoConfigure : Init DruidDataSource
2021-10-20 23:20:54.752  INFO 6129 --- [main] com.alibaba.druid.pool.DruidDataSource   : {dataSource-1} inited
2021-10-20 23:20:57.463  INFO 6129 --- [main] com.yw.ppp.uc.service.UserServiceTest    : Started UserServiceTest in 6.996 seconds (JVM running for 8.727)
2021-10-20 23:20:58.614  INFO 6129 --- [SpringApplicationShutdownHook] com.alibaba.druid.pool.DruidDataSource   : {dataSource-1} closing ...
2021-10-20 23:20:58.630  INFO 6129 --- [SpringApplicationShutdownHook] com.alibaba.druid.pool.DruidDataSource   : {dataSource-1} closed
2021-10-20 23:28:41.819  INFO 6150 --- [main] com.yw.ppp.uc.service.UserServiceTest    : Starting UserServiceTest using Java 11.0.12 on zhangyaowendeMacBook-Pro.local with PID 6150 (started by zhangyaowen in /Users/zhangyaowen/IdeaProjects/ppp/componet/p3-uc/p3-uc-server)
2021-10-20 23:28:41.824  INFO 6150 --- [main] com.yw.ppp.uc.service.UserServiceTest    : No active profile set, falling back to default profiles: default
2021-10-20 23:28:43.563  INFO 6150 --- [main] .s.d.r.c.RepositoryConfigurationDelegate : Multiple Spring Data modules found, entering strict repository configuration mode!
2021-10-20 23:28:43.567  INFO 6150 --- [main] .s.d.r.c.RepositoryConfigurationDelegate : Bootstrapping Spring Data Redis repositories in DEFAULT mode.
2021-10-20 23:28:43.601  INFO 6150 --- [main] .s.d.r.c.RepositoryConfigurationDelegate : Finished Spring Data repository scanning in 14 ms. Found 0 Redis repository interfaces.
2021-10-20 23:28:44.703  INFO 6150 --- [main] c.a.d.s.b.a.DruidDataSourceAutoConfigure : Init DruidDataSource
2021-10-20 23:28:45.719  INFO 6150 --- [main] com.alibaba.druid.pool.DruidDataSource   : {dataSource-1} inited
2021-10-20 23:28:48.473  INFO 6150 --- [main] com.yw.ppp.uc.service.UserServiceTest    : Started UserServiceTest in 7.183 seconds (JVM running for 9.503)
2021-10-20 23:28:49.398  INFO 6150 --- [SpringApplicationShutdownHook] com.alibaba.druid.pool.DruidDataSource   : {dataSource-1} closing ...
2021-10-20 23:28:49.411  INFO 6150 --- [SpringApplicationShutdownHook] com.alibaba.druid.pool.DruidDataSource   : {dataSource-1} closed
2021-10-20 23:31:34.403  INFO 6163 --- [main] com.yw.ppp.uc.service.UserServiceTest    : Starting UserServiceTest using Java 11.0.12 on zhangyaowendeMacBook-Pro.local with PID 6163 (started by zhangyaowen in /Users/zhangyaowen/IdeaProjects/ppp/componet/p3-uc/p3-uc-server)
2021-10-20 23:31:34.405  INFO 6163 --- [main] com.yw.ppp.uc.service.UserServiceTest    : No active profile set, falling back to default profiles: default
2021-10-20 23:31:35.668  INFO 6163 --- [main] .s.d.r.c.RepositoryConfigurationDelegate : Multiple Spring Data modules found, entering strict repository configuration mode!
2021-10-20 23:31:35.672  INFO 6163 --- [main] .s.d.r.c.RepositoryConfigurationDelegate : Bootstrapping Spring Data Redis repositories in DEFAULT mode.
2021-10-20 23:31:35.707  INFO 6163 --- [main] .s.d.r.c.RepositoryConfigurationDelegate : Finished Spring Data repository scanning in 17 ms. Found 0 Redis repository interfaces.
2021-10-20 23:31:36.701  INFO 6163 --- [main] c.a.d.s.b.a.DruidDataSourceAutoConfigure : Init DruidDataSource
2021-10-20 23:31:37.650  INFO 6163 --- [main] com.alibaba.druid.pool.DruidDataSource   : {dataSource-1} inited
2021-10-20 23:31:40.465  INFO 6163 --- [main] com.yw.ppp.uc.service.UserServiceTest    : Started UserServiceTest in 6.494 seconds (JVM running for 8.187)
2021-10-20 23:31:40.546  INFO 6163 --- [main] o.s.t.c.transaction.TransactionContext   : Began transaction (1) for test context [DefaultTestContext@7f6f61c8 testClass = UserServiceTest, testInstance = com.yw.ppp.uc.service.UserServiceTest@21be80f6, testMethod = testRegisterUser@UserServiceTest, testException = [null], mergedContextConfiguration = [WebMergedContextConfiguration@4c2cc639 testClass = UserServiceTest, locations = '{}', classes = '{class com.yw.ppp.uc.UcApplication}', contextInitializerClasses = '[]', activeProfiles = '{}', propertySourceLocations = '{}', propertySourceProperties = '{org.springframework.boot.test.context.SpringBootTestContextBootstrapper=true}', contextCustomizers = set[org.springframework.boot.test.context.filter.ExcludeFilterContextCustomizer@20bd8be5, org.springframework.boot.test.json.DuplicateJsonObjectContextCustomizerFactory$DuplicateJsonObjectContextCustomizer@10289886, org.springframework.boot.test.mock.mockito.MockitoContextCustomizer@0, org.springframework.boot.test.web.client.TestRestTemplateContextCustomizer@45efd90f, org.springframework.boot.test.autoconfigure.actuate.metrics.MetricsExportContextCustomizerFactory$DisableMetricExportContextCustomizer@2f01783a, org.springframework.boot.test.autoconfigure.properties.PropertyMappingContextCustomizer@0, org.springframework.boot.test.autoconfigure.web.servlet.WebDriverContextCustomizerFactory$Customizer@536dbea0, org.springframework.boot.test.context.SpringBootTestArgs@1, org.springframework.boot.test.context.SpringBootTestWebEnvironment@d6da883], resourceBasePath = 'src/main/webapp', contextLoader = 'org.springframework.boot.test.context.SpringBootContextLoader', parent = [null]], attributes = map['org.springframework.test.context.web.ServletTestExecutionListener.activateListener' -> true, 'org.springframework.test.context.web.ServletTestExecutionListener.populatedRequestContextHolder' -> true, 'org.springframework.test.context.web.ServletTestExecutionListener.resetRequestContextHolder' -> true, 'org.springframework.test.context.event.ApplicationEventsTestExecutionListener.recordApplicationEvents' -> false]]; transaction manager [org.springframework.jdbc.support.JdbcTransactionManager@1af6d656]; rollback [true]
2021-10-20 23:31:41.277  INFO 6163 --- [main] o.s.t.c.transaction.TransactionContext   : Rolled back transaction for test: [DefaultTestContext@7f6f61c8 testClass = UserServiceTest, testInstance = com.yw.ppp.uc.service.UserServiceTest@21be80f6, testMethod = testRegisterUser@UserServiceTest, testException = [null], mergedContextConfiguration = [WebMergedContextConfiguration@4c2cc639 testClass = UserServiceTest, locations = '{}', classes = '{class com.yw.ppp.uc.UcApplication}', contextInitializerClasses = '[]', activeProfiles = '{}', propertySourceLocations = '{}', propertySourceProperties = '{org.springframework.boot.test.context.SpringBootTestContextBootstrapper=true}', contextCustomizers = set[org.springframework.boot.test.context.filter.ExcludeFilterContextCustomizer@20bd8be5, org.springframework.boot.test.json.DuplicateJsonObjectContextCustomizerFactory$DuplicateJsonObjectContextCustomizer@10289886, org.springframework.boot.test.mock.mockito.MockitoContextCustomizer@0, org.springframework.boot.test.web.client.TestRestTemplateContextCustomizer@45efd90f, org.springframework.boot.test.autoconfigure.actuate.metrics.MetricsExportContextCustomizerFactory$DisableMetricExportContextCustomizer@2f01783a, org.springframework.boot.test.autoconfigure.properties.PropertyMappingContextCustomizer@0, org.springframework.boot.test.autoconfigure.web.servlet.WebDriverContextCustomizerFactory$Customizer@536dbea0, org.springframework.boot.test.context.SpringBootTestArgs@1, org.springframework.boot.test.context.SpringBootTestWebEnvironment@d6da883], resourceBasePath = 'src/main/webapp', contextLoader = 'org.springframework.boot.test.context.SpringBootContextLoader', parent = [null]], attributes = map['org.springframework.test.context.web.ServletTestExecutionListener.activateListener' -> true, 'org.springframework.test.context.web.ServletTestExecutionListener.populatedRequestContextHolder' -> true, 'org.springframework.test.context.web.ServletTestExecutionListener.resetRequestContextHolder' -> true, 'org.springframework.test.context.event.ApplicationEventsTestExecutionListener.recordApplicationEvents' -> false]]
2021-10-20 23:31:41.441  INFO 6163 --- [SpringApplicationShutdownHook] com.alibaba.druid.pool.DruidDataSource   : {dataSource-1} closing ...
2021-10-20 23:31:41.453  INFO 6163 --- [SpringApplicationShutdownHook] com.alibaba.druid.pool.DruidDataSource   : {dataSource-1} closed
